Arguments: 
  /usr/bin/node /usr/bin/yarn install

PATH: 
  /vendor/bin:/home/vagrant/bin:/home/vagrant/.local/bin:/usr/local/sbin:/usr/local/bin:/usr/sbin:/usr/bin:/sbin:/bin:/usr/games:/usr/local/games:/snap/bin

Yarn version: 
  1.3.2

Node version: 
  8.9.1

Platform: 
  linux x64

npm manifest: 
  {
      "devDependencies": {
          "@symfony/webpack-encore": "^0.17.1",
          "autoprefixer": "^7.2.5",
          "bootstrap": "4.0.0",
          "jquery": "^3.3.1",
          "node-sass": "^4.7.2",
          "popper.js": "^1.12.9",
          "postcss-loader": "^2.0.10",
          "sass-loader": "^6.0.6",
          "webpack-notifier": "^1.5.1"
      },
      "browserslist": [
          "last 2 versions",
          "ios >= 8"
      ]
  }

yarn manifest: 
  No manifest

Lockfile: 
  No lockfile

Trace: 
  Error: EPROTO: protocol error, symlink '../../../../webpack/bin/webpack.js' -> '/home/vagrant/ctory/node_modules/@symfony/webpack-encore/node_modules/.bin/webpack'
